Using pre-set license
Built from '2021.3/staging' branch; Version is '2021.3.6f1 (7da38d85baf6) revision 8233869'; Using compiler version '192829333'; Build Type 'Release'
OS: 'Windows 10  (10.0.19044) 64bit Professional' Language: 'en' Physical Memory: 16253 MB
BatchMode: 1, IsHumanControllingUs: 0, StartBugReporterOnCrash: 0, Is64bit: 1, IsPro: 1

COMMAND LINE ARGUMENTS:
C:\Program Files\Unity\Hub\Editor\2021.3.6f1\Editor\Unity.exe
-adb2
-batchMode
-noUpm
-name
AssetImportWorker3
-projectPath
E:/projects/games/science-game
-logFile
Logs/AssetImportWorker3.log
-srvPort
55587
Successfully changed project path to: E:/projects/games/science-game
E:/projects/games/science-game
[UnityMemory] Configuration Parameters - Can be set up in boot.config
    "memorysetup-bucket-allocator-granularity=16"
    "memorysetup-bucket-allocator-bucket-count=8"
    "memorysetup-bucket-allocator-block-size=33554432"
    "memorysetup-bucket-allocator-block-count=8"
    "memorysetup-main-allocator-block-size=16777216"
    "memorysetup-thread-allocator-block-size=16777216"
    "memorysetup-gfx-main-allocator-block-size=16777216"
    "memorysetup-gfx-thread-allocator-block-size=16777216"
    "memorysetup-cache-allocator-block-size=4194304"
    "memorysetup-typetree-allocator-block-size=2097152"
    "memorysetup-profiler-bucket-allocator-granularity=16"
    "memorysetup-profiler-bucket-allocator-bucket-count=8"
    "memorysetup-profiler-bucket-allocator-block-size=33554432"
    "memorysetup-profiler-bucket-allocator-block-count=8"
    "memorysetup-profiler-allocator-block-size=16777216"
    "memorysetup-profiler-editor-allocator-block-size=1048576"
    "memorysetup-temp-allocator-size-main=16777216"
    "memorysetup-job-temp-allocator-block-size=2097152"
    "memorysetup-job-temp-allocator-block-size-background=1048576"
    "memorysetup-job-temp-allocator-reduction-small-platforms=262144"
    "memorysetup-temp-allocator-size-background-worker=32768"
    "memorysetup-temp-allocator-size-job-worker=262144"
    "memorysetup-temp-allocator-size-preload-manager=33554432"
    "memorysetup-temp-allocator-size-nav-mesh-worker=65536"
    "memorysetup-temp-allocator-size-audio-worker=65536"
    "memorysetup-temp-allocator-size-cloud-worker=32768"
    "memorysetup-temp-allocator-size-gi-baking-worker=262144"
    "memorysetup-temp-allocator-size-gfx=262144"
Refreshing native plugins compatible for Editor in 34.62 ms, found 2 plugins.
Preloading 0 native plugins for Editor in 0.00 ms.
Initialize engine version: 2021.3.6f1 (7da38d85baf6)
[Subsystems] Discovering subsystems at path C:/Program Files/Unity/Hub/Editor/2021.3.6f1/Editor/Data/Resources/UnitySubsystems
[Subsystems] Discovering subsystems at path E:/projects/games/science-game/Assets
GfxDevice: creating device client; threaded=0; jobified=0
Direct3D:
    Version:  Direct3D 11.0 [level 11.1]
    Renderer: NVIDIA GeForce GTX 1080 Ti (ID=0x1b06)
    Vendor:   NVIDIA
    VRAM:     11128 MB
    Driver:   31.0.15.1659
Initialize mono
Mono path[0] = 'C:/Program Files/Unity/Hub/Editor/2021.3.6f1/Editor/Data/Managed'
Mono path[1] = 'C:/Program Files/Unity/Hub/Editor/2021.3.6f1/Editor/Data/MonoBleedingEdge/lib/mono/unityjit-win32'
Mono config path = 'C:/Program Files/Unity/Hub/Editor/2021.3.6f1/Editor/Data/MonoBleedingEdge/etc'
Using monoOptions --debugger-agent=transport=dt_socket,embedding=1,server=y,suspend=n,address=127.0.0.1:56936
Begin MonoManager ReloadAssembly
Registering precompiled unity dll's ...
Register platform support module: C:/Program Files/Unity/Hub/Editor/2021.3.6f1/Editor/Data/PlaybackEngines/WebGLSupport/UnityEditor.WebGL.Extensions.dll
Register platform support module: C:/Program Files/Unity/Hub/Editor/2021.3.6f1/Editor/Data/PlaybackEngines/WindowsStandaloneSupport/UnityEditor.WindowsStandalone.Extensions.dll
Registered in 0.005227 seconds.
Native extension for WindowsStandalone target not found
Native extension for WebGL target not found
Refreshing native plugins compatible for Editor in 31.66 ms, found 2 plugins.
Preloading 0 native plugins for Editor in 0.00 ms.
Mono: successfully reloaded assembly
- Completed reload, in  0.433 seconds
Domain Reload Profiling:
	ReloadAssembly (433ms)
		BeginReloadAssembly (56ms)
			ExecutionOrderSort (0ms)
			DisableScriptedObjects (0ms)
			BackupInstance (0ms)
			ReleaseScriptingObjects (0ms)
			CreateAndSetChildDomain (0ms)
		EndReloadAssembly (300ms)
			LoadAssemblies (54ms)
			RebuildTransferFunctionScriptingTraits (0ms)
			SetupTypeCache (73ms)
			ReleaseScriptCaches (0ms)
			RebuildScriptCaches (20ms)
			SetupLoadedEditorAssemblies (172ms)
				LogAssemblyErrors (0ms)
				InitializePlatformSupportModulesInManaged (7ms)
				SetLoadedEditorAssemblies (0ms)
				RefreshPlugins (32ms)
				BeforeProcessingInitializeOnLoad (1ms)
				ProcessInitializeOnLoadAttributes (99ms)
				ProcessInitializeOnLoadMethodAttributes (33ms)
				AfterProcessingInitializeOnLoad (0ms)
				EditorAssembliesLoaded (0ms)
			ExecutionOrderSort2 (0ms)
			AwakeInstancesAfterBackupRestoration (0ms)
Platform modules already initialized, skipping
Registering precompiled user dll's ...
Registered in 0.002482 seconds.
Begin MonoManager ReloadAssembly
Native extension for WindowsStandalone target not found
Native extension for WebGL target not found
Refreshing native plugins compatible for Editor in 0.47 ms, found 2 plugins.
Preloading 0 native plugins for Editor in 0.00 ms.
Package Manager log level set to [2]
Mono: successfully reloaded assembly
- Completed reload, in  0.712 seconds
Domain Reload Profiling:
	ReloadAssembly (713ms)
		BeginReloadAssembly (77ms)
			ExecutionOrderSort (0ms)
			DisableScriptedObjects (4ms)
			BackupInstance (0ms)
			ReleaseScriptingObjects (0ms)
			CreateAndSetChildDomain (14ms)
		EndReloadAssembly (553ms)
			LoadAssemblies (53ms)
			RebuildTransferFunctionScriptingTraits (0ms)
			SetupTypeCache (136ms)
			ReleaseScriptCaches (0ms)
			RebuildScriptCaches (34ms)
			SetupLoadedEditorAssemblies (305ms)
				LogAssemblyErrors (0ms)
				InitializePlatformSupportModulesInManaged (5ms)
				SetLoadedEditorAssemblies (0ms)
				RefreshPlugins (1ms)
				BeforeProcessingInitializeOnLoad (46ms)
				ProcessInitializeOnLoadAttributes (153ms)
				ProcessInitializeOnLoadMethodAttributes (95ms)
				AfterProcessingInitializeOnLoad (5ms)
				EditorAssembliesLoaded (0ms)
			ExecutionOrderSort2 (0ms)
			AwakeInstancesAfterBackupRestoration (5ms)
Platform modules already initialized, skipping
========================================================================
Worker process is ready to serve import requests
Launched and connected shader compiler UnityShaderCompiler.exe after 0.05 seconds
Refreshing native plugins compatible for Editor in 0.45 ms, found 2 plugins.
Preloading 0 native plugins for Editor in 0.00 ms.
Unloading 2475 Unused Serialized files (Serialized files now loaded: 0)
Unloading 59 unused Assets / (56.6 KB). Loaded Objects now: 2921.
Memory consumption went from 98.1 MB to 98.0 MB.
Total: 4.220600 ms (FindLiveObjects: 0.169100 ms CreateObjectMapping: 0.099900 ms MarkObjects: 3.882700 ms  DeleteObjects: 0.068100 ms)

AssetImportParameters requested are different than current active one (requested -> active):
  custom:video-decoder-ogg-theora: a1e56fd34408186e4bbccfd4996cb3dc -> 
  custom:container-muxer-webm: aa71ff27fc2769a1b78a27578f13a17b -> 
  custom:container-demuxer-webm: 4f35f7cbe854078d1ac9338744f61a02 -> 
  custom:video-encoder-webm-vp8: eb34c28f22e8b96e1ab97ce403110664 -> 
  custom:audio-encoder-webm-vorbis: bf7c407c2cedff20999df2af8eb42d56 -> 
  custom:framework-win-MediaFoundation: 216162199b28c13a410421893ffa2e32 -> 
  custom:container-demuxer-ogg: 62fdf1f143b41e24485cea50d1cbac27 -> 
  custom:video-decoder-webm-vp8: 9c59270c3fd7afecdb556c50c9e8de78 -> 
  custom:audio-decoder-ogg-vorbis: bf7c407c2cedff20999df2af8eb42d56 -> 
========================================================================
Received Prepare
Registering precompiled user dll's ...
Registered in 0.002204 seconds.
Begin MonoManager ReloadAssembly
Native extension for WindowsStandalone target not found
Native extension for WebGL target not found
Refreshing native plugins compatible for Editor in 0.51 ms, found 2 plugins.
Preloading 0 native plugins for Editor in 0.00 ms.
Mono: successfully reloaded assembly
- Completed reload, in  0.803 seconds
Domain Reload Profiling:
	ReloadAssembly (803ms)
		BeginReloadAssembly (100ms)
			ExecutionOrderSort (0ms)
			DisableScriptedObjects (5ms)
			BackupInstance (0ms)
			ReleaseScriptingObjects (0ms)
			CreateAndSetChildDomain (26ms)
		EndReloadAssembly (629ms)
			LoadAssemblies (58ms)
			RebuildTransferFunctionScriptingTraits (0ms)
			SetupTypeCache (152ms)
			ReleaseScriptCaches (1ms)
			RebuildScriptCaches (41ms)
			SetupLoadedEditorAssemblies (344ms)
				LogAssemblyErrors (0ms)
				InitializePlatformSupportModulesInManaged (11ms)
				SetLoadedEditorAssemblies (0ms)
				RefreshPlugins (1ms)
				BeforeProcessingInitializeOnLoad (57ms)
				ProcessInitializeOnLoadAttributes (162ms)
				ProcessInitializeOnLoadMethodAttributes (107ms)
				AfterProcessingInitializeOnLoad (6ms)
				EditorAssembliesLoaded (0ms)
			ExecutionOrderSort2 (0ms)
			AwakeInstancesAfterBackupRestoration (5ms)
Platform modules already initialized, skipping
Refreshing native plugins compatible for Editor in 2.56 ms, found 2 plugins.
Preloading 0 native plugins for Editor in 0.00 ms.
Unloading 2465 Unused Serialized files (Serialized files now loaded: 0)
Unloading 48 unused Assets / (32.8 KB). Loaded Objects now: 2924.
Memory consumption went from 97.4 MB to 97.4 MB.
Total: 4.177200 ms (FindLiveObjects: 0.149000 ms CreateObjectMapping: 0.063200 ms MarkObjects: 3.941300 ms  DeleteObjects: 0.022800 ms)

AssetImportParameters requested are different than current active one (requested -> active):
  custom:video-decoder-ogg-theora: a1e56fd34408186e4bbccfd4996cb3dc -> 
  custom:container-muxer-webm: aa71ff27fc2769a1b78a27578f13a17b -> 
  custom:container-demuxer-webm: 4f35f7cbe854078d1ac9338744f61a02 -> 
  custom:video-encoder-webm-vp8: eb34c28f22e8b96e1ab97ce403110664 -> 
  custom:audio-encoder-webm-vorbis: bf7c407c2cedff20999df2af8eb42d56 -> 
  custom:framework-win-MediaFoundation: 216162199b28c13a410421893ffa2e32 -> 
  custom:container-demuxer-ogg: 62fdf1f143b41e24485cea50d1cbac27 -> 
  custom:video-decoder-webm-vp8: 9c59270c3fd7afecdb556c50c9e8de78 -> 
  custom:audio-decoder-ogg-vorbis: bf7c407c2cedff20999df2af8eb42d56 -> 
========================================================================
Received Prepare
Registering precompiled user dll's ...
Registered in 0.002347 seconds.
Begin MonoManager ReloadAssembly
Native extension for WindowsStandalone target not found
Native extension for WebGL target not found
Refreshing native plugins compatible for Editor in 0.69 ms, found 2 plugins.
Preloading 0 native plugins for Editor in 0.00 ms.
Mono: successfully reloaded assembly
- Completed reload, in  0.787 seconds
Domain Reload Profiling:
	ReloadAssembly (787ms)
		BeginReloadAssembly (102ms)
			ExecutionOrderSort (0ms)
			DisableScriptedObjects (5ms)
			BackupInstance (0ms)
			ReleaseScriptingObjects (0ms)
			CreateAndSetChildDomain (27ms)
		EndReloadAssembly (613ms)
			LoadAssemblies (61ms)
			RebuildTransferFunctionScriptingTraits (0ms)
			SetupTypeCache (154ms)
			ReleaseScriptCaches (1ms)
			RebuildScriptCaches (41ms)
			SetupLoadedEditorAssemblies (330ms)
				LogAssemblyErrors (0ms)
				InitializePlatformSupportModulesInManaged (11ms)
				SetLoadedEditorAssemblies (0ms)
				RefreshPlugins (1ms)
				BeforeProcessingInitializeOnLoad (53ms)
				ProcessInitializeOnLoadAttributes (163ms)
				ProcessInitializeOnLoadMethodAttributes (95ms)
				AfterProcessingInitializeOnLoad (6ms)
				EditorAssembliesLoaded (0ms)
			ExecutionOrderSort2 (0ms)
			AwakeInstancesAfterBackupRestoration (6ms)
Platform modules already initialized, skipping
Refreshing native plugins compatible for Editor in 3.15 ms, found 2 plugins.
Preloading 0 native plugins for Editor in 0.00 ms.
Unloading 2465 Unused Serialized files (Serialized files now loaded: 0)
Unloading 48 unused Assets / (32.7 KB). Loaded Objects now: 2927.
Memory consumption went from 97.4 MB to 97.4 MB.
Total: 4.626200 ms (FindLiveObjects: 0.206300 ms CreateObjectMapping: 0.111200 ms MarkObjects: 4.284600 ms  DeleteObjects: 0.023000 ms)

AssetImportParameters requested are different than current active one (requested -> active):
  custom:video-decoder-ogg-theora: a1e56fd34408186e4bbccfd4996cb3dc -> 
  custom:container-muxer-webm: aa71ff27fc2769a1b78a27578f13a17b -> 
  custom:container-demuxer-webm: 4f35f7cbe854078d1ac9338744f61a02 -> 
  custom:video-encoder-webm-vp8: eb34c28f22e8b96e1ab97ce403110664 -> 
  custom:audio-encoder-webm-vorbis: bf7c407c2cedff20999df2af8eb42d56 -> 
  custom:framework-win-MediaFoundation: 216162199b28c13a410421893ffa2e32 -> 
  custom:container-demuxer-ogg: 62fdf1f143b41e24485cea50d1cbac27 -> 
  custom:video-decoder-webm-vp8: 9c59270c3fd7afecdb556c50c9e8de78 -> 
  custom:audio-decoder-ogg-vorbis: bf7c407c2cedff20999df2af8eb42d56 -> 
========================================================================
Received Prepare
Registering precompiled user dll's ...
Registered in 0.002809 seconds.
Begin MonoManager ReloadAssembly
Native extension for WindowsStandalone target not found
Native extension for WebGL target not found
Refreshing native plugins compatible for Editor in 0.57 ms, found 2 plugins.
Preloading 0 native plugins for Editor in 0.00 ms.
Mono: successfully reloaded assembly
- Completed reload, in  0.797 seconds
Domain Reload Profiling:
	ReloadAssembly (797ms)
		BeginReloadAssembly (99ms)
			ExecutionOrderSort (0ms)
			DisableScriptedObjects (5ms)
			BackupInstance (0ms)
			ReleaseScriptingObjects (0ms)
			CreateAndSetChildDomain (25ms)
		EndReloadAssembly (626ms)
			LoadAssemblies (61ms)
			RebuildTransferFunctionScriptingTraits (0ms)
			SetupTypeCache (154ms)
			ReleaseScriptCaches (1ms)
			RebuildScriptCaches (43ms)
			SetupLoadedEditorAssemblies (338ms)
				LogAssemblyErrors (0ms)
				InitializePlatformSupportModulesInManaged (11ms)
				SetLoadedEditorAssemblies (1ms)
				RefreshPlugins (1ms)
				BeforeProcessingInitializeOnLoad (57ms)
				ProcessInitializeOnLoadAttributes (161ms)
				ProcessInitializeOnLoadMethodAttributes (102ms)
				AfterProcessingInitializeOnLoad (6ms)
				EditorAssembliesLoaded (0ms)
			ExecutionOrderSort2 (0ms)
			AwakeInstancesAfterBackupRestoration (5ms)
Platform modules already initialized, skipping
Refreshing native plugins compatible for Editor in 2.32 ms, found 2 plugins.
Preloading 0 native plugins for Editor in 0.00 ms.
Unloading 2465 Unused Serialized files (Serialized files now loaded: 0)
Unloading 48 unused Assets / (32.8 KB). Loaded Objects now: 2930.
Memory consumption went from 97.5 MB to 97.4 MB.
Total: 4.168200 ms (FindLiveObjects: 0.144400 ms CreateObjectMapping: 0.069500 ms MarkObjects: 3.930500 ms  DeleteObjects: 0.022500 ms)

AssetImportParameters requested are different than current active one (requested -> active):
  custom:video-decoder-ogg-theora: a1e56fd34408186e4bbccfd4996cb3dc -> 
  custom:container-muxer-webm: aa71ff27fc2769a1b78a27578f13a17b -> 
  custom:container-demuxer-webm: 4f35f7cbe854078d1ac9338744f61a02 -> 
  custom:video-encoder-webm-vp8: eb34c28f22e8b96e1ab97ce403110664 -> 
  custom:audio-encoder-webm-vorbis: bf7c407c2cedff20999df2af8eb42d56 -> 
  custom:framework-win-MediaFoundation: 216162199b28c13a410421893ffa2e32 -> 
  custom:container-demuxer-ogg: 62fdf1f143b41e24485cea50d1cbac27 -> 
  custom:video-decoder-webm-vp8: 9c59270c3fd7afecdb556c50c9e8de78 -> 
  custom:audio-decoder-ogg-vorbis: bf7c407c2cedff20999df2af8eb42d56 -> 
========================================================================
Received Import Request.
  Time since last request: 1634138.314103 seconds.
  path: Assets/texture/21867956.jpg
  artifactKey: Guid(bc29619d2b319964398842a9e91e20b7) Importer(815301076,1909f56bfc062723c751e8b465ee728b)
Start importing Assets/texture/21867956.jpg using Guid(bc29619d2b319964398842a9e91e20b7) Importer(815301076,1909f56bfc062723c751e8b465ee728b)  -> (artifact id: 'faedb2b02b235f87ed93ff65820f22c3') in 0.134814 seconds 
========================================================================
Received Import Request.
  Time since last request: 0.000024 seconds.
  path: Assets/texture/unname1d.png
  artifactKey: Guid(8029063d6fdb7c34ea24228e0c10c2a4) Importer(815301076,1909f56bfc062723c751e8b465ee728b)
Start importing Assets/texture/unname1d.png using Guid(8029063d6fdb7c34ea24228e0c10c2a4) Importer(815301076,1909f56bfc062723c751e8b465ee728b)  -> (artifact id: '3f91a18669af59d0a84b599f8bbda325') in 0.019365 seconds 
========================================================================
Received Import Request.
  Time since last request: 0.000023 seconds.
  path: Assets/texture/brickV2dot0.png
  artifactKey: Guid(fddb1aa47c7e74f419b0441214638947) Importer(815301076,1909f56bfc062723c751e8b465ee728b)
Start importing Assets/texture/brickV2dot0.png using Guid(fddb1aa47c7e74f419b0441214638947) Importer(815301076,1909f56bfc062723c751e8b465ee728b)  -> (artifact id: 'ae56d5ad2968bb861d259c71be28d47e') in 0.027660 seconds 
========================================================================
Received Import Request.
  Time since last request: 0.000022 seconds.
  path: Assets/texture/ic_media_pause.png
  artifactKey: Guid(0f657d2774ad4df4492cb0f0829d2c30) Importer(815301076,1909f56bfc062723c751e8b465ee728b)
Start importing Assets/texture/ic_media_pause.png using Guid(0f657d2774ad4df4492cb0f0829d2c30) Importer(815301076,1909f56bfc062723c751e8b465ee728b)  -> (artifact id: '6a051cb19a3aab37c9e790b4382ad0fc') in 0.013221 seconds 
========================================================================
Received Import Request.
  Time since last request: 0.000017 seconds.
  path: Assets/texture/image.png
  artifactKey: Guid(adfc6ec65940fab44954c32a9b08033a) Importer(815301076,1909f56bfc062723c751e8b465ee728b)
Start importing Assets/texture/image.png using Guid(adfc6ec65940fab44954c32a9b08033a) Importer(815301076,1909f56bfc062723c751e8b465ee728b)  -> (artifact id: 'ed0ab84cae32844b32de7657b65434a1') in 0.020587 seconds 
========================================================================
Received Import Request.
  Time since last request: 0.000017 seconds.
  path: Assets/texture/A22v4Jw.png
  artifactKey: Guid(192d7cf6952cfcc4ba7231a11e5816d5) Importer(815301076,1909f56bfc062723c751e8b465ee728b)
Start importing Assets/texture/A22v4Jw.png using Guid(192d7cf6952cfcc4ba7231a11e5816d5) Importer(815301076,1909f56bfc062723c751e8b465ee728b)  -> (artifact id: '8f7810d7fdfe2b02a81534383d7cbbdc') in 0.028077 seconds 
========================================================================
Received Import Request.
  Time since last request: 0.000022 seconds.
  path: Assets/texture/word-895582_960_720.png
  artifactKey: Guid(2390c7ce61ed2684286032b8a935da14) Importer(815301076,1909f56bfc062723c751e8b465ee728b)
Start importing Assets/texture/word-895582_960_720.png using Guid(2390c7ce61ed2684286032b8a935da14) Importer(815301076,1909f56bfc062723c751e8b465ee728b)  -> (artifact id: 'f75e41890308cfed7b2dc5ef311a83c5') in 0.042647 seconds 
========================================================================
Received Import Request.
  Time since last request: 0.000018 seconds.
  path: Assets/texture/casebullet.jpg
  artifactKey: Guid(e3bd765812ff67544ad1fd6fa8261750) Importer(815301076,1909f56bfc062723c751e8b465ee728b)
Start importing Assets/texture/casebullet.jpg using Guid(e3bd765812ff67544ad1fd6fa8261750) Importer(815301076,1909f56bfc062723c751e8b465ee728b)  -> (artifact id: '91455ee09ada1f0a82791406f2145693') in 0.014706 seconds 
========================================================================
Received Import Request.
  Time since last request: 0.000013 seconds.
  path: Assets/texture/download.png
  artifactKey: Guid(e08af2809b331d64abd114ea89a8f100) Importer(815301076,1909f56bfc062723c751e8b465ee728b)
Start importing Assets/texture/download.png using Guid(e08af2809b331d64abd114ea89a8f100) Importer(815301076,1909f56bfc062723c751e8b465ee728b)  -> (artifact id: '4c440db813a00cf2de0ff1fb3b66acf3') in 0.013926 seconds 
========================================================================
Received Import Request.
  Time since last request: 0.000019 seconds.
  path: Assets/texture/DmootFIX.png
  artifactKey: Guid(c57f9d9187e51514a876afd2cba49a3d) Importer(815301076,1909f56bfc062723c751e8b465ee728b)
Start importing Assets/texture/DmootFIX.png using Guid(c57f9d9187e51514a876afd2cba49a3d) Importer(815301076,1909f56bfc062723c751e8b465ee728b)  -> (artifact id: '0ce4f72ae050158fac1373eae4ce95ad') in 0.016287 seconds 
========================================================================
Received Import Request.
  Time since last request: 0.000017 seconds.
  path: Assets/texture/drapeau-anglais-UK.gif
  artifactKey: Guid(286389f5152771f48b3a736646fd8fd3) Importer(815301076,1909f56bfc062723c751e8b465ee728b)
Start importing Assets/texture/drapeau-anglais-UK.gif using Guid(286389f5152771f48b3a736646fd8fd3) Importer(815301076,1909f56bfc062723c751e8b465ee728b)  -> (artifact id: 'da95cd958ff2980c63e8508537b36598') in 0.024539 seconds 
========================================================================
Received Import Request.
  Time since last request: 0.000017 seconds.
  path: Assets/texture/Mirror.png
  artifactKey: Guid(08c21e63249673049885ca3f8d00093f) Importer(815301076,1909f56bfc062723c751e8b465ee728b)
Start importing Assets/texture/Mirror.png using Guid(08c21e63249673049885ca3f8d00093f) Importer(815301076,1909f56bfc062723c751e8b465ee728b)  -> (artifact id: '78cb22f5f3d285fcf69aec0fd1d5a6cb') in 0.030517 seconds 
========================================================================
Received Import Request.
  Time since last request: 0.000022 seconds.
  path: Assets/texture/fan.jpg
  artifactKey: Guid(bb726d0cd15f3a146a50b73f7f8bfac0) Importer(815301076,1909f56bfc062723c751e8b465ee728b)
Start importing Assets/texture/fan.jpg using Guid(bb726d0cd15f3a146a50b73f7f8bfac0) Importer(815301076,1909f56bfc062723c751e8b465ee728b)  -> (artifact id: '2d261eb39c25a20762f67859b770b697') in 0.029292 seconds 
========================================================================
Received Import Request.
  Time since last request: 0.000029 seconds.
  path: Assets/texture/BetterDmootv2.png
  artifactKey: Guid(4a9afab0ad6b7c446914d933f7e3631e) Importer(815301076,1909f56bfc062723c751e8b465ee728b)
Start importing Assets/texture/BetterDmootv2.png using Guid(4a9afab0ad6b7c446914d933f7e3631e) Importer(815301076,1909f56bfc062723c751e8b465ee728b)  -> (artifact id: '61594aefc8668c1137ad4af2d707a1fe') in 0.024594 seconds 
========================================================================
Received Import Request.
  Time since last request: 0.000023 seconds.
  path: Assets/texture/Ak74l.jpg
  artifactKey: Guid(cc0acc4a4685ae84bb2cfa4b86dcc054) Importer(815301076,1909f56bfc062723c751e8b465ee728b)
Start importing Assets/texture/Ak74l.jpg using Guid(cc0acc4a4685ae84bb2cfa4b86dcc054) Importer(815301076,1909f56bfc062723c751e8b465ee728b)  -> (artifact id: '56b10c303980a5ae91bf153ca4e2ad26') in 0.030760 seconds 
========================================================================
Received Import Request.
  Time since last request: 0.000020 seconds.
  path: Assets/texture/Flag_of_Russia.svg.png
  artifactKey: Guid(f362b495fe4078043af35fbcefd4128c) Importer(815301076,1909f56bfc062723c751e8b465ee728b)
Start importing Assets/texture/Flag_of_Russia.svg.png using Guid(f362b495fe4078043af35fbcefd4128c) Importer(815301076,1909f56bfc062723c751e8b465ee728b)  -> (artifact id: '9adc6afd57f4f95646275f372feb25bc') in 0.037006 seconds 
========================================================================
Received Import Request.
  Time since last request: 0.000016 seconds.
  path: Assets/texture/main comp_00001.png
  artifactKey: Guid(0c8c55b4448b39240a7d9061af78ac79) Importer(815301076,1909f56bfc062723c751e8b465ee728b)
Start importing Assets/texture/main comp_00001.png using Guid(0c8c55b4448b39240a7d9061af78ac79) Importer(815301076,1909f56bfc062723c751e8b465ee728b)  -> (artifact id: '51c1132b3da1372e47ee4b729da6b49d') in 0.119769 seconds 
========================================================================
Received Import Request.
  Time since last request: 0.000024 seconds.
  path: Assets/texture/on.png
  artifactKey: Guid(c3e90b87c8b75b040af194bc04dd4ebf) Importer(815301076,1909f56bfc062723c751e8b465ee728b)
Start importing Assets/texture/on.png using Guid(c3e90b87c8b75b040af194bc04dd4ebf) Importer(815301076,1909f56bfc062723c751e8b465ee728b)  -> (artifact id: '4b7f2aed999904ca636dac1a26afb1bc') in 0.042618 seconds 
========================================================================
Received Import Request.
  Time since last request: 0.000023 seconds.
  path: Assets/texture/Backround.png
  artifactKey: Guid(aef4204c5a544254e991a8b252c49084) Importer(815301076,1909f56bfc062723c751e8b465ee728b)
Start importing Assets/texture/Backround.png using Guid(aef4204c5a544254e991a8b252c49084) Importer(815301076,1909f56bfc062723c751e8b465ee728b)  -> (artifact id: '397f52e79fd8344cd1126f2a422de6a0') in 0.056619 seconds 
========================================================================
Received Import Request.
  Time since last request: 0.000020 seconds.
  path: Assets/texture/Flag_of_Israel.svg.png
  artifactKey: Guid(3c92ae4d9318b7943b1c9673e862f623) Importer(815301076,1909f56bfc062723c751e8b465ee728b)
Start importing Assets/texture/Flag_of_Israel.svg.png using Guid(3c92ae4d9318b7943b1c9673e862f623) Importer(815301076,1909f56bfc062723c751e8b465ee728b)  -> (artifact id: '133bc7c7f6f22949060b0e982cd4ed83') in 0.123187 seconds 
========================================================================
Received Import Request.
  Time since last request: 0.000020 seconds.
  path: Assets/texture/LOGOUrielsGames.png
  artifactKey: Guid(b5ebbbdaa704a524197ed32f2fbc32a2) Importer(815301076,1909f56bfc062723c751e8b465ee728b)
Start importing Assets/texture/LOGOUrielsGames.png using Guid(b5ebbbdaa704a524197ed32f2fbc32a2) Importer(815301076,1909f56bfc062723c751e8b465ee728b)  -> (artifact id: 'c54544db6a463d79daa28931b7c29c04') in 0.016341 seconds 
========================================================================
Received Import Request.
  Time since last request: 0.000015 seconds.
  path: Assets/texture/background.jpg
  artifactKey: Guid(244bcd2e8d87d834aa76877e794cf936) Importer(815301076,1909f56bfc062723c751e8b465ee728b)
Start importing Assets/texture/background.jpg using Guid(244bcd2e8d87d834aa76877e794cf936) Importer(815301076,1909f56bfc062723c751e8b465ee728b)  -> (artifact id: 'd608a523615bf4b099d0811186e75fc1') in 0.098358 seconds 
========================================================================
Received Import Request.
  Time since last request: 0.000025 seconds.
  path: Assets/texture/Parachu111te.png
  artifactKey: Guid(dfa4369f20b020a4e94eeaa3b26bd3c8) Importer(815301076,1909f56bfc062723c751e8b465ee728b)
Start importing Assets/texture/Parachu111te.png using Guid(dfa4369f20b020a4e94eeaa3b26bd3c8) Importer(815301076,1909f56bfc062723c751e8b465ee728b)  -> (artifact id: 'c72d76df8c99e2c91ca865a0a974d4bb') in 0.025335 seconds 
========================================================================
Received Import Request.
  Time since last request: 0.000023 seconds.
  path: Assets/texture/uriel metal broken.jpg
  artifactKey: Guid(564697979d947574fb4eaa26d7d1cc19) Importer(815301076,1909f56bfc062723c751e8b465ee728b)
Start importing Assets/texture/uriel metal broken.jpg using Guid(564697979d947574fb4eaa26d7d1cc19) Importer(815301076,1909f56bfc062723c751e8b465ee728b)  -> (artifact id: '6191c58df784c893a41467209b07ad5b') in 0.058264 seconds 
========================================================================
Received Prepare
Registering precompiled user dll's ...
Registered in 0.002158 seconds.
Begin MonoManager ReloadAssembly
Native extension for WindowsStandalone target not found
Native extension for WebGL target not found
Refreshing native plugins compatible for Editor in 0.53 ms, found 2 plugins.
Preloading 0 native plugins for Editor in 0.00 ms.
Mono: successfully reloaded assembly
- Completed reload, in  0.803 seconds
Domain Reload Profiling:
	ReloadAssembly (803ms)
		BeginReloadAssembly (114ms)
			ExecutionOrderSort (0ms)
			DisableScriptedObjects (5ms)
			BackupInstance (0ms)
			ReleaseScriptingObjects (0ms)
			CreateAndSetChildDomain (32ms)
		EndReloadAssembly (604ms)
			LoadAssemblies (69ms)
			RebuildTransferFunctionScriptingTraits (0ms)
			SetupTypeCache (147ms)
			ReleaseScriptCaches (1ms)
			RebuildScriptCaches (38ms)
			SetupLoadedEditorAssemblies (333ms)
				LogAssemblyErrors (0ms)
				InitializePlatformSupportModulesInManaged (14ms)
				SetLoadedEditorAssemblies (0ms)
				RefreshPlugins (1ms)
				BeforeProcessingInitializeOnLoad (54ms)
				ProcessInitializeOnLoadAttributes (156ms)
				ProcessInitializeOnLoadMethodAttributes (102ms)
				AfterProcessingInitializeOnLoad (6ms)
				EditorAssembliesLoaded (0ms)
			ExecutionOrderSort2 (0ms)
			AwakeInstancesAfterBackupRestoration (5ms)
Platform modules already initialized, skipping
Refreshing native plugins compatible for Editor in 2.33 ms, found 2 plugins.
Preloading 0 native plugins for Editor in 0.00 ms.
Unloading 2465 Unused Serialized files (Serialized files now loaded: 0)
Unloading 48 unused Assets / (32.7 KB). Loaded Objects now: 2997.
Memory consumption went from 101.4 MB to 101.4 MB.
Total: 4.512400 ms (FindLiveObjects: 0.153600 ms CreateObjectMapping: 0.097300 ms MarkObjects: 4.234900 ms  DeleteObjects: 0.025600 ms)

AssetImportParameters requested are different than current active one (requested -> active):
  custom:video-decoder-ogg-theora: a1e56fd34408186e4bbccfd4996cb3dc -> 
  custom:container-muxer-webm: aa71ff27fc2769a1b78a27578f13a17b -> 
  custom:container-demuxer-webm: 4f35f7cbe854078d1ac9338744f61a02 -> 
  custom:video-encoder-webm-vp8: eb34c28f22e8b96e1ab97ce403110664 -> 
  custom:audio-encoder-webm-vorbis: bf7c407c2cedff20999df2af8eb42d56 -> 
  custom:framework-win-MediaFoundation: 216162199b28c13a410421893ffa2e32 -> 
  custom:container-demuxer-ogg: 62fdf1f143b41e24485cea50d1cbac27 -> 
  custom:video-decoder-webm-vp8: 9c59270c3fd7afecdb556c50c9e8de78 -> 
  custom:audio-decoder-ogg-vorbis: bf7c407c2cedff20999df2af8eb42d56 -> 
Editor requested this worker to shutdown with reason: Scaling down because of idle timeout
AssetImportWorker is now disconnected from the server
Process exiting
Exiting without the bug reporter. Application will terminate with return code 0